[    0.000000] Linux version 4.15.0-212-generic (buldd@lcy02-amd64-083) (gcc version 7.5.0 (Ubuntu 7.5.0-3ubunt1~18.04)) #223-Ubuntu SMP Tue May 23 13:09:22 UTC 2023 (Ubuntu 4.15.0-212.223-generic 4.15.1)
[    0.000000] Command line: BOOT_IMAGE=/boot/vmlinuz-4.15.0-212-generic root=LABEL=cloudimg-rootfs ro console=tty1 console=ttyS0
[    0.000000] KERNEL supported cpus:
[   0.000000]   Intel GenuineIntel
[    0.000000]   AMD AuthenticAMD
[    0.000000]   Centaur CentaurHauls
[    0.000000] x86/fpu: Supporting XSAVE feature 0x001: 'x87 floating point registers'
[    0.000000] x86/fpu: Supporting XSAVE feature 0x002: 'SSE registers'
[    0.000000] x86/fpu:Supporting XSAVE feature 0x004: 'AVX registers'
[    0.000000] x86/fpu: xstate_offset[2]:  576, xstate_sizes[2]:  256
[    0.000000] x86/fpu: Enabled xstate features 0x7, context size is 832 bytes, using 'standard' format.
[    0.000000] e820: BIOS-provided physical RAM map:
[    0.000000] BIOS-e820: [mem 0x0000000000000000-0x000000000009fbff] usable
[    0.000000] BIOS-e820: [mem 0x000000000009fc00-0x000000000009ffff] reserved
[    0.000000] BIOS-e820: [mem 0x00000000000f0000-0x00000000000fffff] reserved
[    0.000000] BIOS-e820: [mem 0x0000000000100000-0x000000007ffeffff] usable
[    0.000000] BIOS-e820: [mem 0000000007fff0000-0x000000007fffffff] ACPI data
[    0.000000] BIOS-e820: [mem 0x00000000fec00000-0x00000000fec00fff] reserved
[    0.000000] BIOS-e820:[mem 0x00000000fee00000-0x00000000fee00fff] reserved
[    0.000000] BIOS-e820: [mem 0x00000000fffc0000-0x00000000ffffffff] reserved
[    0.000000] NX (Execute Disable) protection: active
[    0.000000] SMBIOS 2.5 present.
[    0.000000] DMI: innotek GmbH VirtualBox/VirtualBox, BIOS VirtualBox 12/01/2006
[    0.000000] Hypervisor detected: KVM
[    0.000000] e820: last_pfn = 0x7fff0 max_arch_pfn = 0x400000000
[    0.000000] MTRR: Disabled
[    0.000000] x86/PAT: MTRRs disabled, skipping PAT initialization too.
[    0.000000] CPU MTRRs all blank - virtualized system.
[    0.000000] x86/PAT: Configuration [0-7]: WB  WT  UC- UC  WB  WT  UC- UC  
[    0.000000] found SMP MP-table at [mem 0x0009fff0-0x0009ffff]
[    0.000000] Scanning 1 areas for low memory corruption
[    0.000000] RAMDISK: [mem 0x359cb000-0x36cdcfff]
[    0.000000] ACPI: Early table checksum verification disabled
[    0.000000] ACPI: RSDP 0x00000000000E0000 000024 (v02 VBOX  )
[    0.000000] ACPI: XSDT 0x000000007FFF0030 00003C (v01 VBOX   VBOXXSDT 00000001 ASL  00000061)
[    0.000000] ACPI: FACP 0x000000007FFF00F0 0000F4 (v04 VBOX   VBOXFACP 00000001 ASL  00000061)
[    0.000000] ACPI: DSDT 0x000000007FFF0470 0021FF (v02 VBOX   VBOXBIOS 00000002 INTL 20100528)
[    0.000000] ACPI: FACS 0x000000007FFF0200 000040
[    0.000000] ACPI: FACS 0x000000007FFF0200 000040
[    0.000000] ACPI: APIC 0x000000007FFF0240 00005C (v02 VBOX   VBOXAPIC 00000001 ASL  00000061)
[    0.000000] ACPI: SSDT 0x000000007FFF02A0 0001CC (v01 VBOX   VBOXCPUT 00000002 INTL 20100528)
[    0.000000] ACPI: Reserving FACP table memory at [mem 0x7fff00f0-0x7fff01e3]
[    0.000000] ACPI: Reserving DSDT table memory at [mem 0x7fff0470-0x7fff266e]
[    0.000000] ACPI: Reserving FACS table memory at [mem 0x7fff0200-0x7fff023f]
[    0.000000] ACPI: Reserving FACS table memory at [mem 0x7fff0200-0x7fff023f]
[    0.000000] ACPI: Reserving APIC table memory at [mem 0x7fff0240-0x7fff029b]
[   0.000000] ACPI: Reserving SSDT table memory at [mem 0x7fff02a0-0x7fff046b]
[    0.000000] No NUMA configuration found
[    0.000000] Faking a node at [mem 0x0000000000000000-0x000000007ffeffff]
[    0.000000] NODE_DATA(0) allocated [mem 0x7ffc5000-0x7ffeffff]
[    0.000000] kvm-clock: cpu 0, msr 0:7ff44001, primary cpu clock
[    0.000000] kvm-clock: Using msrs 4b564d01 and 4b564d00
[    0.000000] kvm-clock: using sched offset of 4030748440 cycles
[    0.000000] clocksource: kvm-clock: mask: 0xffffffffffffffff max_cycles: 0xcd42e4dffb, max_idle_ns: 881590591483 ns
[    0.000000] Zone ranges:
[    0.000000]   DMA      [mem 0x0000000000001000-0x0000000000ffffff]
[    0.000000]   DMA32    [mem 0x0000000001000000-0x000000007ffeffff]
[    0.000000]   Normal   empty
[    0.000000]   Device   empty
[    0.000000] Movable zone start for each node
[    0.000000] Early memory node ranges
[    0.000000]   node   0: [mem 0x0000000000001000-0x000000000009efff]
[    0.000000]   node   0: [mem 0x000000000100000-0x000000007ffeffff]
[    0.000000] Reserved but unavailable: 104 pages
[    0.000000] Initmem setup node 0 [mem 0x0000000000001000-0x000000007ffeffff]
[    0.000000] ACPI: PM-Timer IO Port: 0x4008
[    0.000000] IOAPIC[0]: apic_id 2, version 32, address 0xfec00000, GSI 0-23
[    0.000000] ACPI: INT_SRC_OVR (bus 0 bus_irq 0 global_irq 2 dfl dfl)
[    0.000000] ACPI: INT_SRC_OVR (bus 0 bus_irq 9 global_irq 9 low level)
[    0.000000] Using ACPI (MADT) for SMP configuration information
[    0.000000] smpboot: Allowing 2 CPUs, 0 hotplug CPUs
[    0.000000] PM: Registered nosave memory: [mem 0x00000000-0x00000fff]
[    0.000000] PM: Registered nosave memory: [mem 0x0009f000-0x0009ffff]
[    0.000000] PM: Registered nosave memory: [mem 0x000a0000-0x000effff]
[    0.000000] PM: Registered nosave memory: [mem 0x000f0000-0x000fffff]
[    0.000000] e820: [mem 0x80000000-0xfebfffff] available for PCI devices
[    0.000000] Booting paravirtualized kernel on KVM
[    0.000000] clocksource: refined-jiffies: mask: 0xffffffff max_cycles: 0xffffffff, max_idle_ns: 7645519600211568 ns
[    0.000000] setup_percpu: NR_CPUS:8192 nr_cpumask_bits:2 nr_cpu_ids:2 nr_node_ids:1
[    0.000000] percpu: Embedded 50 pages/cpu s167936 r8192 d28672 u1048576
[    0.000000] PV qspinlock hash table entries: 256 (order: 0, 4096 bytes)
[    0.000000] Built 1 zonelists, mobility grouping on.  Total pages: 515961
[    0.000000] Policy zone: DMA32
[    0.000000] Kernel command line: BOOT_IMAGE=/boot/vmlinuz-4.15.0-212-generic root=LABEL=cloudimg-rootfs ro console=tty1 console=ttyS0
[    0.000000] Memory: 2014836K/2096696K available (12300K kernel code, 2477K rwdata, 4324K rodata, 2480K init, 2720K bss, 81860K reserved, 0K cma-reserved)
[    0.000000] SLUB: HWalign=64, Order=0-3, MinObjects=0, CPUs=2, Nodes=1
[    0.000000] Kernel/User page tables isolation: enabled
[    0.000000] ftrace: allocating 39508 entries in 155 pages
[    0.004000] Hierarchical RCU implementation.
[    0.004000] 	RCU restricting CPUs from NR_CPUS=8192 to nr_cpu_ids=2.
[    0.004000] 	Tasks RCU enabled.
[    0.004000] RCU: Adjusting geometry for rcu_fanout_leaf=16, nr_cpu_ids=2
[    0.004000] NR_IRQS: 524544, nr_irqs: 440, preallocated irqs: 16
[    0.004000] random: crng init done
[    0.004000] Console: colour VGA+ 80x25
[    0.004000] console [tty1] enabled
[    0.004000] console [ttyS0] enabled
[    0.004000] ACPI: Core revision 20170831
[    0.004000] ACPI: 2 ACPI AML tables successfully acquired and loaded
[    0.004000] APIC: Switch to symmetric I/O mode setup
[    0.004000] x2apic enabled
[    0.004000] Switched APIC routing to physical x2apic.
[    0.004000] ..TIMER: vector=0x30 apic1=0 pin1=2 apic2=-1 pin2=-1
[    0.004005] tsc: Detected 3312.004 MHz processor
[    0.008011] Calibrating delay loop (skipped) preset value.. 6624.00 BogoMIPS (lpj=13248016)
[    0.010095] pid_max: default: 32768 minimum: 301
[    0.011249] Security Framework initialized
[    0.012003] Yama: becoming mindful.
[    0.012872] AppArmor: AppArmor initialized
[    0.016162] Dentry cache hash table entries: 262144 (order: 9, 2097152 bytes)
[    0.020052] Inode-cache hash table entries: 131072 (order: 8, 1048576 bytes)
[    0.021747] Mount-cache hash table entries: 4096 (order: 3, 32768 bytes)
[    0.024007] Mountpoint-cache hash table entries: 4096 (order: 3, 32768 bytes)
[    0.025916] Last level iTLB entries: 4KB 128, 2MB 8, 4MB 8
[    0.027274] Last level dTLB entries: 4KB 64, 2MB 0, 4MB 0, 1GB 4
[    0.028005] Spectre V1 : Mitigation: usercopy/swapgs barriers and __user pointer sanitization
[    0.032005] Spectre V2 : Mitigation: Retpolines
[    0.033077] Spectre V2 : Spectre v2 / SpectreRSB mitigation: Filling RSB on context switch
[    0.036002] Spectre V2 : Spectre v2 / SpectreRSB : Filling RSB on VMEXIT
[    0.040005] RETBleed: WARNING: Spectre v2 mitigation leaves CPU vulnerable to RETBleed attacks, data leaks possible!
[    0.044006] RETBleed: Vulnerable
[    0.045206] Speculative Store Bypass: Vulnerable
[    0.048105] MDS: Mitigation: Clear CPU buffers
[    0.049155] MMIO Stale Data: Mitigation: Clear CPU buffers
[    0.050519] SRBDS: Unknown: Dependent on hypervisor status
[    0.052197] Freeing SMP alternatives memory: 36K
[    0.163168] smpboot: CPU0: Intel(R) Core(TM) i5-6600 CPU @ 3.30GHz (family: 0x6, model: 0x5e, stepping: 0x3)
[    0.164084] Performance Events: unsupported p6 CPU model 94 no PMU driver, software events only.
[    0.168077] Hierarchical SRCU implementation.
[    0.172553] NMI watchdog: Perf event create on CPU 0 failed with -2
[    0.176006] NMI watchdog: Perf NMI watchdog permanently disabled
[    0.180072] smp: Bringing up secondary CPUs ...
[    0.184117] x86: Booting SMP configuration:
[    0.188003] .... node  #0, CPUs:      #1
[    0.004000] kvm-clock: cpu 1, msr 0:7ff44041, secondary cpu clock
[    0.236057] smp: Brought up 1 node, 2 CPUs
[    0.240006] smpboot: Max logical packages: 1
[    0.244007] smpboot: Total of 2 processors activated (13248.01 BogoMIPS)
[    0.252044] devtmpfs: initialized
[    0.256060] x86/mm: Memory block size: 128MB
[    0.260305] evm: security.selinux
[    0.264004] evm: security.SMACK64
[    0.268005] evm: security.SMACK64EXEC
[    0.272005] evm: security.SMACK64TRANSMUTE
[    0.276005] evm: security.SMACK64MMAP
[    0.280003] evm: security.apparmor
[    0.284002] evm: security.ima
[    0.284962] evm: security.capability
[    0.286071] clocksource: jiffies: mask: 0xffffffff max_cycles: 0xffffffff, max_idle_ns: 7645041785100000 ns
[    0.288023] futex hash table entries: 512 (order: 3, 32768 bytes)
[    0.289605] pinctrl core: initialized pinctrl subsystem
[    0.292117] RTC time: 10:02:03, date: 11/09/23
[    0.296246] NET: Registered protocol family 16
[    0.297567] audit: initializing netlink subsys (disabled)
[    0.299065] audit: type=2000 audit(1699524128.267:1): state=initialized audit_enabled=0 res=1
[    0.328050] cpuidle: using governor ladder
[    0.332017] cpuidle: using governor menu
[    0.336056] ACPI: bus type PCI registered
[    0.340031] acpiphp: ACPI Hot Plug PCI Controller Driver version: 0.5
[    0.344148] PCI: Using configuration type 1 for base access
[    0.352046] HugeTLB registered 2.00 MiB page size, pre-allocated 0 pages
[    0.356074] ACPI: Added _OSI(Module Device)
[    0.360008] ACPI: Added _OSI(Processor Device)
[    0.364004] ACPI: Added _OSI(3.0 _SCP Extensions)
[    0.368004] ACPI: Added _OSI(Processor Aggregator Device)
[    0.372017] ACPI: Added _OSI(Linux-Dell-Video)
[    0.376004] ACPI: Added _OSI(Linux-Lenovo-NV-HDMI-Audio)
[    0.380006] ACPI: Added _OSI(Linux-HPI-Hybrid-Graphics)
[    0.384323] ACPI: Executed 1 blocks of module-level executable AML code
[    0.395212] ACPI: Interpreter enabled
[    0.396000] ACPI: (supports S0 S5)
[    0.396003] ACPI: Using IOAPIC for interrupt routing
[    0.400272] PCI: Using host bridge windows from ACPI; if necessary, use "pci=nocrs" and report a bug
[    0.404235] ACPI: Enabled 2 GPEs in block 00 to 07
[    0.417317] ACPI: PCI Root Bridge [PCI0] (domain 0000 [bus 00-ff])
[    0.420014] acpi PNP0A03:00: _OSC: OS supports [ASPM ClockPM Segments MSI]
[    0.424050] acpi PNP0A03:00: _OSC: not requesting OS control; OS requires [ExtendedConfig ASPM ClockPM MSI]
[    0.428019] acpi PNP0A03:00: fail to add MMCONFIG information, can't access extended PCI configuration space under this bridge.
[    0.436335] PCI host bridge to bus 0000:00
[    0.440008] pci_bus 0000:00: root bus resource [io  0x0000-0x0cf7 window]
[    0.442028] pci_bus 0000:00: root bus resource [io  0x0d00-0xffff window]
[    0.444007] pci_bus 0000:00: root bus resource [mem 0x000a0000-0x000bffff window]
[    0.448008] pci_bus 0000:00: root bus resource [mem 0x80000000-0xfdffffff window]
[    0.452008] pci_bus 0000:00: root bus resource [bus 00-ff]
[    0.462037] pci 0000:00:01.1: legacy IDE quirk: reg 0x10: [io  0x01f0-0x01f7]
[    0.464007] pci 0000:00:01.1: legacy IDE quirk: reg 0x14: [io  0x03f6]
[    0.468004] pci 0000:00:01.1: legacy IDE quirk: reg 0x18: [io  0x0170-0x0177]
[    0.472004] pci 0000:00:01.1: legacy IDE quirk: reg 0x1c: [io  0x0376]
[    0.506156] pci 0000:00:07.0: quirk: [io  0x4000-0x403f] claimed by PIIX4 ACPI
[    0.508023] pci 0000:00:07.0: quirk: [io  0x4100-0x410f] claimed by PIIX4 SMB
[    0.525458] ACPI: PCI Interrupt Link [LNKA] (IRQs 5 9 10 *11)
[    0.532108] ACPI: PCI Interrupt Link [LNKB] (IRQs 5 9 *10 11)
[    0.536177] ACPI: PCI Interrupt Link [LNKC] (IRQs 5 *9 10 11)
[    0.540210] ACPI: PCI Interrupt Link [LNKD] (IRQs 5 9 10 *11)
[    0.544543] SCSI subsystem initialized
[    0.545704] pci 0000:00:02.0: vgaarb: setting as boot VGA device
[    0.545704] pci 0000:00:02.0: vgaarb: VGA device added: decodes=io+mem,owns=io+mem,locks=none
[    0.548007] pci 0000:00:02.0: vgaarb: bridge control possible
[    0.552005] vgaarb: loaded
[    0.552835] ACPI: bus type USB registered
[    0.556051] usbcore: registered new interface driver usbfs
[    0.560024] usbcore: registered new interface driver hub
[    0.561299] usbcore: registered new device driver usb
[    0.562628] EDAC MC: Ver: 3.0.0
[    0.564320] PCI: Using ACPI for IRQ routing
[    0.568403] NetLabel: Initializing
[    0.572005] NetLabel:  domain hash size = 128
[    0.576005] NetLabel:  protocols = UNLABELED CIPSOv4 CALIPSO
[    0.577506] NetLabel:  unlabeled traffic allowed by default
[    0.580150] clocksource: Switched to clocksource kvm-clock
[  0000] VFS: Disk quotas dquot_6.6.0[  0096]VF Dot-che hash tlentes512 (order 0, 4096 bytes)
[    1.39795] AppArr: AppArmor FilesteEnabled
[    1.59474] pnp: PnP PI init
[    1.681172] pnp: PnACI: foun 3 evices

[    1.839946] clocksource: acpi_pm: mask: 0xffffff max_cycl: xffff, max_idle_ns: 2085701024 ns
[  1.972660] T:egstered protocol family 2
[   2.155486] IP idents hash tae entries: 32768 (order: 6, 262144 bytes)

[    2.243227] TCP established hash table entries: 16384 (order: 5, 131072 bytes)
[    2.251930] TCP bind hash table entries: 16384 (order: 6, 262144 bytes)
[   256555] TCP: Hash tables configured (established 16384 bind 16384)
[    2.337872] UDP hash tab entri: 024 (order: 3, 32768 bytes)
[    2.468610] UDP-Lite hash table entries: 1024 (order:, 768 bytes)
[  2571463] NET: Registered protocol family 1
[  26493] pci 0000:00:00.0: Limiting direct PCI//PCI transfers
[    2.778335] pci 0000:00:01.0: Activating ISA DMA hang workarounds
[    2.780268] pci 0000:00:02.0: Video device with shadowed ROM at [mem 0x000c0000-0x000dffff]
[    2.782776] Unpacking initramfs...
[  3938]Frininrdemry: 19528K

[    3.493983] clocksource: tsc: mask: 0xfffffffff max_cycles: x2f9867a4,maid_n: 440795304303 ns
[    3.942679] platrm rtc_cmos: regstered atorRTC device (no PNP device found)
[    4.159046] Scanning for low memory corruption every 60 seconds

[    4.166899] Initialise system trusted keyrings
[    4.168293] Key type blacklist registered
[    4.171662] workingset: timestamp_bits=36 max_order=19 bucket_order=0
[    4.175930] zbud: loaded
[    4.185654] squashfs: version 4.0 (2009/01/31) Phillip Lougher
[    4.194507] fuse init (API version 7.26)
[    4.202223] Key type asymmetric registered
[    4.204625] Asymmetric key parser 'x509' registered
[    4.205890] Block layer SCSI generic (bsg) driver version 0.4 loaded (major 246)
[    4.207950] io scheduler noop registered
[    4.208964] io scheduler deadline registered
[    4.210139] io scheduler cfq registered (default)
[    4.211755] ACPI: AC Adapter [AC] (on-line)
[    4.212986] input: Power Button as /devices/LNXSYSTM:00/LNXPWRBN:00/input/input0
[    4.215236] ACPI: Power Button [PWRF]
[    4.223220] input: Sleep Button as /devices/LNXSYSTM:00/LNXSLPBN:00/input/input1
[    4.234049] ACPI: Sleep Button [SLPF]
[    4.235328] Serial: 8250/16550 driver, 32 ports, IRQ sharing enabled
[    4.260302] 00:02: ttyS0 at I/O 0x3f8 (irq = 4, base_baud = 115200) is a 16550A
[    4.263549] Linux agpgart interface v0.103
[    4.266146] loop: module loaded
[    4.267799] scsi host0: ata_piix
[    4.268851] scsi host1: ata_piix
[    4.269740] ata1: PATA max UDMA/33 cmd 0x1f0 ctl 0x3f6 bmdma 0xd000 irq 14
[    4.271406] ata2: PATA max UDMA/33 cmd 0x170 ctl 0x376 bmdma 0xd008 irq 15
[    4.273302] tun: Universal TUN/TAP device driver, 1.6
[    4.274568] PPP generic driver version 2.4.2
[    4.275845] ehci_hcd: USB 2.0 'Enhanced' Host Controller (EHCI) Driver
[    4.277442] ehci-pci: EHCI PCI platform driver
[    4.278565] ehci-platform: EHCI generic platform driver
[    4.279877] ohci_hcd: USB 1.1 'Open' Host Controller (OHCI) Driver
[    4.281513] ohci-pci: OHCI PCI platform driver
[    4.283103] ohci-platform: OHCI generic platform driver
[    4.289783] uhci_hcd: USB Universal Host Controller Interface driver
[    4.300286] i8042: PNP: PS/2 Controller [PNP0303:PS2K,PNP0f03:PS2M] at 0x60,0x64 irq 1,12
[    4.314046] serio: i8042 KBD port at 0x60,0x64 irq 1
[    4.315651] serio: i8042 AUX port at 0x60,0x64 irq 12
[    4.317489] mousedev: PS/2 mouse device common for all mice
[    4.321604] input: AT Translated Set 2 keyboard as /devices/platform/i8042/serio0/input/input2
[    4.323941] rtc_cmos rtc_cmos: rtc core: registered rtc_cmos as rtc0
[    4.325656] rtc_cmos rtc_cmos: alarms up to one day, 114 bytes nvram
[    4.327110] i2c /dev entries driver
[    4.328053] device-mapper: uevent: version 1.0.3
[    4.329296] device-mapper: ioctl: 4.37.0-ioctl (2017-09-20) initialised: dm-devel@redhat.com
[    4.331493] ledtrig-cpu: registered to indicate activity on CPUs
[    4.340242] NET: Registered protocol family 10
[    4.345188] Segment Routing with IPv6
[    4.346102] NET: Registered protocol family 17
[    4.347273] Key type dns_resolver registered
[    4.348614] mce: Using 0 MCE banks
[    4.350129] RAS: Correctable Errors collector initialized.
[    4.359208] sched_clock: Marking stable (4359136132, 0)->(6541314401, -2182178269)
[    4.361458] registered taskstats version 1
[    4.362467] Loading compiled-in X.509 certificates
[    4.366113] Loaded X.509 cert 'Build time autogenerated kernel key: b5b26778eaa3ab3a4a6cee031137706e947d12ad'
[    4.371767] Loaded X.509 cert 'Canonical Ltd. Live Patch Signing: 14df34d1a87cf37625abec039ef2bf521249b969'
[    4.374743] Loaded X.509 cert 'Canonical Ltd. Kernel Module Signing: 88f752e560a1e0737e31163a466ad7b70a850c19'
[    4.376982] blacklist: Loading compiled-in revocation X.509 certificates
[    4.378497] Loaded X.509 cert 'Canonical Ltd. Secure Boot Signing: 61482aa2830d0ab2ad5af10b7250da9033ddcef0'
[    4.380711] Loaded X.509 cert 'Canonical Ltd. Secure Boot Signing (2017): 242ade75ac4a15e50d50c84b0d45ff3eae707a03'
[    4.383967] Loaded X.509 cert 'Canonical Ltd. Secure Boot Signing (ESM 2018): 365188c1d374d6b07c3c8f240f8ef722433d6a8b'
[    4.386503] Loaded X.509 cert 'Canonical Ltd. Secure Boot Signing (2019): c0746fd6c5da3ae827864651ad66ae47fe24b3e8'
[    4.388870] Loaded X.509 cert 'Canonical Ltd. Secure Boot Signing (2021 v1): a8d54bbb3825cfb94fa13c9f8a594a195c107b8d'
[    4.391313] Loaded X.509 cert 'Canonical Ltd. Secure Boot Signing (2021 v2): 4cf046892d6fd3c9a5b03f98d845f90851dc6a8c'
[    4.393755] Loaded X.509 cert 'Canonical Ltd. Secure Boot Signing (2021 v3): 100437bb6de6e469b581e61cd66bce3ef4ed53af'
[    4.396204] Loaded X.509 cert 'Canonical Ltd. Secure Boot Signing (Ubuntu Core 2019): c1d57b8f6b743f23ee41f4f7ee292f06eecadfb9'
[    4.407229] zswap: loaded using pool lzo/zbud
[    4.411469] Key type big_key registered
[    4.416949] Key type trusted registered
[    4.426655] Key type encrypted registered
[    4.437584] AppArmor: AppArmor sha1 policy hashing enabled
[    4.438877] ima: No TPM chip found, activating TPM-bypass! (rc=-19)
[    4.440260] ima: Allocated hash algorithm: sha1
[    4.442794] evm: HMAC attrs: 0x1
[    4.443822]   Magic number: 15:726:21
[    4.444849] rtc_cmos rtc_cmos: setting system clock to 2023-11-09 10:02:08 UTC (1699524128)
[    4.446829] BIOS EDD facility v0.16 2004-Jun-25, 0 devices found
[    4.448233] EDD information not available.
[    4.459669] Freeing unused kernel image memory: 2480K
[    4.480792] Write protecting the kernel read-only data: 20480k
[    4.487144] Freeing unused kernel image memory: 2008K
[    4.496782] Freeing unused kernel image memory: 1820K
[    4.509332] x86/mm: Checked W+X mappings: passed, no W+X pages found.
[    4.514115] x86/mm: Checking user space page tables
[    4.526255] x86/mm: Checked W+X mappings: passed, no W+X pages found.
Loading, please wait...
starting version 237
[    4.613744] e1000: Intel(R) PRO/1000 Network Driver - version 7.3.21-k8-NAPI
[    4.618870] e1000: Copyright (c) 1999-2006 Intel Corporation.
[    4.627782] Fusion MPT base driver 3.04.20
[    4.636930] Copyright (c) 1999-2008 LSI Corporation
[    4.679445] AVX2 version of gcm_enc/dec engaged.
[    4.686559] AES CTR mode by8 optimization enabled
[    4.716401] Fusion MPT SPI Host driver 3.04.20
[    4.859719] input: ImExPS/2 Generic Explorer Mouse as /devices/platform/i8042/serio1/input/input4
[    5.174208] e1000 0000:00:03.0 eth0: (PCI:33MHz:32-bit) 02:3b:7b:b7:3b:2d
[    5.175772] e1000 0000:00:03.0 eth0: Intel(R) PRO/1000 Network Connection
[    5.179463] e1000 0000:00:03.0 enp0s3: renamed from eth0
[    5.180072] mptbase: ioc0: Initiating bringup
[    5.281176] ioc0: LSI53C1030 A0: Capabilities={Initiator}
[    5.546340] scsi host2: ioc0: LSI53C1030 A0, FwRev=00000000h, Ports=1, MaxQ=256, IRQ=20
[    5.721301] scsi 2:0:0:0: Direct-Access     VBOX     HARDDISK         1.0  PQ: 0 ANSI: 5
[    5.769114] scsi target2:0:0: Beginning Domain Validation
[    5.772394] scsi target2:0:0: Domain Validation skipping write tests
[    5.781255] scsi target2:0:0: Ending Domain Validation
[    5.784738] scsi target2:0:0: asynchronous
[    5.790993] scsi 2:0:1:0: Direct-Access     VBOX     HARDDISK         1.0  PQ: 0 ANSI: 5
[    5.824728] scsi target2:0:1: Beginning Domain Validation
[    5.849420] scsi target2:0:1: Domain Validation skipping write tests
[    5.856313] scsi target2:0:1: Ending Domain Validation
[    5.858066] scsi target2:0:1: asynchronous
[    5.899717] sd 2:0:0:0: Attached scsi generic sg0 type 0
[    5.902310] sd 2:0:0:0: [sda] 83886080 512-byte logical blocks: (42.9 GB/40.0 GiB)
[    5.904601] sd 2:0:1:0: Attached scsi generic sg1 type 0
[    5.907886] sd 2:0:0:0: [sda] Write Protect is off
[    5.916390] sd 2:0:0:0: [sda] Incomplete mode parameter data
[    5.942679] sd 2:0:0:0: [sda] Assuming drive cache: write through
[    5.944615] sd 2:0:1:0: [sdb] 20480 512-byte logical blocks: (10.5 MB/10.0 MiB)
[    5.948307] sd 2:0:1:0: [sdb] Write Protect is off
[    5.952139] sd 2:0:1:0: [sdb] Incomplete mode parameter data
[    5.953549] sd 2:0:1:0: [sdb] Assuming drive cache: write through
[    5.959987]  sda: sda1
[    5.962834] sd 2:0:0:0: [sda] Attached SCSI disk
[    5.973648] sd 2:0:1:0: [sdb] Attached SCSI disk
Begin: Loading essential drivers ... [    7.596202] raid6: sse2x1   gen() 10875 MB/s
[    7.648839] raid6: sse2x1   xor()  8078 MB/s
[    7.696714] raid6: sse2x2   gen() 15444 MB/s
[    7.756290] raid6: sse2x2   xor()  9055 MB/s
[    7.808027] raid6: sse2x4   gen() 16110 MB/s
[    7.864295] raid6: sse2x4   xor()  8422 MB/s
[    7.924088] raid6: avx2x1   gen() 23507 MB/s
[    7.972929] raid6: avx2x1   xor() 17503 MB/s
[    8.048128] raid6: avx2x2   gen() 26474 MB/s
[    8.108584] raid6: avx2x2   xor() 15657 MB/s
[    8.156603] raid6: avx2x4   gen() 27900 MB/s
[    8.221475] raid6: avx2x4   xor() 15069 MB/s
[    8.238956] raid6: using algorithm avx2x4 gen() 27900 MB/s
[    8.260241] raid6: .... xor() 15069 MB/s, rmw enabled
[    8.262943] raid6: using avx2x2 recovery algorithm
[    8.265490] xor: automatically using best checksumming function   avx       
[    8.273273] async_tx: api initialized (async)
done.
Begin: Running /scripts/init-premount ... done.
Begin: Mounting root file system ... Begin: Running /scripts/local-top ... done.
Begin: Running /scripts/local[    8.334781] Btrfs loaded, crc32c=crc32c-intel
-premount ... Scanning for Btrfs filesystems
done.
Warning: fsck not present, so skipping root file system
[    8.391963] EXT4-fs (sda1): mounted filesystem with ordered data mode. Opts: (null)
done.
Begin: Running /scripts/local-bottom ... done.
Begin: Running /scripts/init-bottom ... done.
[    9.034642] ip_tables: (C) 2000-2006 Netfilter Core Team
[    9.635606] systemd[1]: systemd 237 running in system mode. (+PAM +AUDIT +SELINUX +IMA +APPARMOR +SMACK +SYSVINIT +UTMP +LIBCRYPTSETUP +GCRYPT +GNUTLS +ACL +XZ +LZ4 +SECCOMP +BLKID +ELFUTILS +KMOD -IDN2 +IDN -PCRE2 default-hierarchy=hybrid)
[   10.017727] systemd[1]: Detected virtualization oracle.
[   10.069667] systemd[1]: Detected architecture x86-64.

Welcome to [1mUbuntu 18.04.6 LTS[0m!

[   10.193917] systemd[1]: Set hostname to <devbox>.
[   11.109703] systemd[1]: Reached target Swap.
[[0;32m  OK  [0m] Reached target Swap.
[   11.646867] systemd[1]: Reached target System Time Synchronized.
[[0;32m  OK  [0m] Reached target System Time Synchronized.
[   11.973322] systemd[1]: Started Forward Password Requests to Wall Directory Watch.
[[0;32m  OK  [0m] Started Forward Password Requests to Wall Directory Watch.
[   12.002338] systemd[1]: Set up automount Arbitrary Executable File Formats File System Automount Point.
[[0;32m  OK  [0m] Set up automount Arbitrary Executab…rmats File System Automount Point.
[   12.741668] systemd[1]: Created slice System Slice.
[[0;32m  OK  [0m] Created slice System Slice.
[   13.756521] systemd[1]: Listening on Journal Audit Socket.
[[0;32m  OK  [0m] Listening on Journal Audit Socket.
[[0;32m  OK  [0m] Listening on Journal Socket.
[[0;32m  OK  [0m] Listening on Device-mapper event daemon FIFOs.
         Starting Create list of required st…ce nodes for the current kernel...
[[0;32m  OK  [0m] Listening on Syslog Socket.
[[0;32m  OK  [0m] Created slice system-serial\x2dgetty.slice.
[[0;32m  OK  [0m] Listening on LVM2 metadata daemon socket.
[[0;32m  OK  [0m] Listening on Network Service Netlink Socket.
[[0;32m  OK  [0m] Listening on udev Control Socket.
         Mounting POSIX Message Queue File System...
         Starting Set the console keyboard layout...
         Starting Monitoring of LVM2 mirrors…ng dmeventd or progress polling...
[[0;32m  OK  [0m] Listening on /dev/initctl Compatibility Named Pipe.
         Mounting Huge Pages File System...
         Mounting Kernel Debug File System...
[[0;32m  OK  [0m] Created slice User and Session Slice.
[[0;32m  OK  [0m] Reached target Slices.
[[0;32m  OK  [0m] Listening on udev Kernel Socket.
[[0;32m  OK  [0m] Listening on LVM2 poll daemon socket.
[[0;32m  OK  [0m] Listening on Journal Socket (/dev/log).
         Starting Journal Service...
         Starting udev Coldplug all Devices...
         Starting Load Kernel Mo[   14.356865] Loading iSCSI transport class v2.0-870.
dules...
[[0;32m  OK  [0m] Listening on[   14.401633] iscsi: registered transport (tcp)
 fsck to fsckd communication Socket.
         Starting File System Check on Root Device...
[[0;32m  OK  [[   14.487867] iscsi: registered transport (iser)
0m] Reached target Mounting snaps.
[[0;32m  OK  [0m] Reached target Mounted snaps.
         Starting Uncomplicated firewall...
[[0;32m  OK  [0m] Reached target User and Group Name Lookups.
[[0;32m  OK  [0m] Started Journal Service.
[[0;32m  OK  [0m] Started Create list of required sta…vice nodes for the current kernel.
[[0;32m  OK  [0m] Mounted POSIX Message Queue File System.
[[0;32m  OK  [0m] Started Set the console keyboard layout.
[[0;32m  OK  [0m] Mounted Huge Pages File System.
[[0;32m  OK  [0m] Mounted Kernel Debug File System.
[[0;32m  OK  [0m] Started Load Kernel Modules.
[[0;32m  OK  [0m] Started File System Check on Root Device.
[[0;32m  OK  [0m] Started Uncomplicated firewall.
[[0;32m  OK  [0m] Started udev Coldplug all Devices.
[[0;32m  OK  [0m] Started LVM2 metadata daemon.
[[0;32m  OK  [0m] Started File System Check Daemon to report status.
         Starting Remount Root and Kernel File Systems...
         Starting Apply K[   14.934280] EXT4-fs (sda1): re-mounted. Opts: (null)
ernel Variables...
         Mounting FUSE Control File System...
         Mounting Kernel Configuration File System...
         Starting Create Static Device Nodes in /dev...
[[0;32m  OK  [0m] Started Monitoring of LVM2 mirrors,…sing dmeventd or progress polling.
[[0;32m  OK  [0m] Started Remount Root and Kernel File Systems.
[[0;32m  OK  [0m] Started Apply Kernel Variables.
[[0;32m  OK  [0m] Mounted FUSE Control File System.
[[0;32m  OK  [0m] Mounted Kernel Configuration File System.
[[0;32m  OK  [0m] Started Create Static Device Nodes in /dev.
         Starting Load/Save Random Seed...
         Starting udev Kernel Device Manager...
         Starting Flush Journal to Persistent Storage...
[[0;32m  OK  [0m] Reached target Local File Systems (Pre).
[[0;32m  OK  [0m] Reached target Local File Systems.
         Starting ebtables ruleset management...
         Starting AppArmor initialization...
         Starting Set console font and keymap...
         Starting Tell Plymouth To Write Out Runtime Data...
[[0;32m  OK  [0m] Started udev Kernel Device Manager.
[[0;32m  OK  [0m] Started Load/Save Random Seed.
[[0;32m  OK  [0m] Started Dispatch Password Requests to Console Directory Watch.
[[0;32m  OK  [0m] Reached target Local Encrypted Volumes.
[[0;32m  OK  [0m] Started Set console font and keymap.
[[0;32m  OK  [0m] Started Tell Plymouth To Write Out Runtime Data.
[[0;32m  OK  [0m] Started ebtables ruleset management.
[[0;32m  OK  [0m] Found device /dev/ttyS0.
[[0;32m  OK  [0m] Started Flush Journal to Persistent Storage.
         Starting Create Volatile Files and Directories...
[[0;32m  OK  [0m] Listening on Load/Save RF Kill Switch Status /dev/rfkill Watch.
[[0;32m  OK  [0m] Started Create Volatile Files and Directories.
         Starting Update UTMP about System Boot/Shutdown...
[[0;32m  OK  [0m] Started Update UTMP about System Boot/Shutdown.
[[0;32m  OK  [0m] Started AppArmor initialization.
         Starting Load AppArmor profiles managed internally by snapd...
         Starting Initial cloud-init job (pre-networking)...
         Mounting Arbitrary Executable File Formats File System...
[[0;32m  OK  [0m] Mounted Arbitrary Executable File Formats File System.
[[0;32m  OK  [0m] Started Load AppArmor profiles managed internally by snapd.
[   19.832967] cloud-init[571]: /usr/lib/python3/dist-packages/requests/__init__.py:80: RequestsDependencyWarning: urllib3 (1.26.18) or chardet (3.0.4) doesn't match a supported version!
[   19.912541] cloud-init[571]:   RequestsDependencyWarning)
[   20.182222] cloud-init[571]: Cloud-init v. 23.1.2-0ubuntu0~18.04.1 running 'init-local' at Thu, 09 Nov 2023 10:02:23 +0000. Up 19.78 seconds.
[[0;32m  OK  [0m] Started Initial cloud-init job (pre-networking).
[[0;32m  OK  [0m] Reached target Network (Pre).
         Starting Network Service...
[[0;32m  OK  [0m] Started Network Service.
         Starting Network Name Resolution...
         Starting Wait for Network to be Configured...
[[0;32m  OK  [0m] Started Network Name Resolution.
[[0;32m  OK  [0m] Reached target Host and Network Name Lookups.
[[0;32m  OK  [0m] Reached target Network.
[[0;32m  OK  [0m] Started Wait for Network to be Configured.
         Starting Initial cloud-init job (metadata service crawler)...
[   22.119537] cloud-init[693]: /usr/lib/python3/dist-packages/requests/__init__.py:80: RequestsDependencyWarning: urllib3 (1.26.18) or chardet (3.0.4) doesn't match a supported version!
[   22.227744] cloud-init[693]:   RequestsDependencyWarning)
[   22.296124] cloud-init[693]: Cloud-init v. 23.1.2-0ubuntu0~18.04.1 running 'init' at Thu, 09 Nov 2023 10:02:26 +0000. Up 22.07 seconds.
[   22.356736] cloud-init[693]: ci-info: ++++++++++++++++++++++++++++++++++++++Net device info++++++++++++++++++++++++++++++++++++++
[   22.424192] cloud-init[693]: ci-info: +--------+------+----------------------------+---------------+--------+-------------------+
[   22.500208] cloud-init[693]: ci-info: | Device |  Up  |          Address           |      Mask     | Scope  |     Hw-Address    |
[   22.568817] cloud-init[693]: ci-info: +--------+------+----------------------------+---------------+--------+-------------------+
[[   22.628307] cloud-init[693]: ci-info: | enp0s3 | True |         10.0.2.15          | 255.255.255.0 | global | 02:3b:7b:b7:3b:2d |
[   22.628502] cloud-init[693]: ci-info: | enp0s3 | True | fe80::3b:7bff:feb7:3b2d/64 |       .       |  link  | 02:3b:7b:b7:3b:2d |
[0;32m  OK  [0m] Started Initial cloud-init job (metadata service crawler).
[   22.628952] cloud-init[693]: ci-info: |   lo   | True |         127.0.0.1          |   255.0.0.0   |  host  |         .         |
[[   22.829735] cloud-init[693]: ci-info: |   lo   | True |          ::1/128           |       .       |  host  |         .         |
[   22.829882] cloud-init[693]: ci-info: +--------+------+----------------------------+---------------+--------+-------------------+
[0;32m  OK  [0m] Reached target Network is Online.
[   22.830138] cloud-init[693]: ci-info: ++++++++++++++++++++++++++++Route IPv4 info+++++++++++++++++++++++++++++
         [   23.028800] Starting Availability of block devices...cloud-init
[693]: ci-info: +-------+-------------+----------+-----------------+-----------+-------+
[[   23.125133] cloud-init[693]: ci-info: | Route | Destination | Gateway  |     Genmask     | Interface | Flags |
[   23.125286] cloud-init[693]: ci-info: +-------+-------------+----------+-----------------+-----------+-------+
[0;32m  OK  [0m] Reached target Remote File Systems (Pre).
[[   23.125745] cloud-init[693]: ci-info: |   0   |   0.0.0.0   | 10.0.2.2 |     0.0.0.0     |   enp0s3  |   UG  |
[   23.293959] cloud-init[693]: ci-info: |   1   |   10.0.2.0  | 0.0.0.0  |  255.255.255.0  |   enp0s3  |   U   |
[0;32m  OK  [0m] Reached target Remote File Systems.
[[   23.294248] cloud-init[693]: ci-info: |   2   |   10.0.2.2  | 0.0.0.0  | 255.255.255.255 |   enp0s3  |   UH  |
[   23.491209] cloud-init[693]: ci-info: +-------+-------------+----------+-----------------+-----------+-------+
[   23.491394] cloud-init[693]: ci-info: +++++++++++++++++++Route IPv6 info+++++++++++++++++++
[   23.491940] cloud-init[693]: ci-info: +-------+-------------+---------+-----------+-------+
[   23.492440] cloud-init[693]: ci-info: | Route | Destination | Gateway | Interface | Flags |
[0;32m  OK  [0m] Reached target System Initialization.
[   23.492662] cloud-init[693]: ci-info: +-------+-------------+---------+-----------+-------+
[[   23.733016] cloud-init[693]: ci-info: |   1   |  fe80::/64  |    ::   |   enp0s3  |   U   |
[   23.733601] cloud-init[693]: ci-info: |   3   |    local    |    ::   |   enp0s3  |   U   |
[0;32m  OK  [0m] Listening on D-Bus System Message Bus Socket.
[   23.734103] cloud-init[693]: ci-info: |   4   |   ff00::/8  |    ::   |   enp0s3  |   U   |
[[   23.928825] cloud-init[693]: ci-info: +-------+-------------+---------+-----------+-------+
[0;32m  OK  [0m] Started Daily apt download activities.
[[0;32m  OK  [0m] Started Daily apt upgrade and clean activities.
[[0;32m  OK  [0m] Started Discard unused blocks once a week.
[[0;32m  OK  [0m] Started ACPI Events Check.
[[0;32m  OK  [0m] Started Ubuntu Advantage Timer for running repeated jobs.
[[0;32m  OK  [0m] Listening on cloud-init hotplug hook socket.
[[0;32m  OK  [0m] Started Daily Cleanup of Temporary Directories.
[[0;32m  OK  [0m] Listening on UUID daemon activation socket.
         Starting LXD - unix socket.
[[0;32m  OK  [0m] Reached target Paths.
[[0;32m  OK  [0m] Listening on Open-iSCSI iscsid Socket.
         Starting Docker Socket for the API.
[[0;32m  OK  [0m] Started Message of the Day.
[[0;32m  OK  [0m] Listening on ACPID Listen Socket.
         Starting Socket activation for snappy daemon.
[[0;32m  OK  [0m] Reached target Timers.
[[0;32m  OK  [0m] Reached target Cloud-config availability.
[[0;32m  OK  [0m] Started Availability of block devices.
[[0;32m  OK  [0m] Listening on LXD - unix socket.
[[0;32m  OK  [0m] Listening on Docker Socket for the API.
[[0;32m  OK  [0m] Listening on Socket activation for snappy daemon.
[[0;32m  OK  [0m] Reached target Sockets.
[[0;32m  OK  [0m] Reached target Basic System.
         Starting Login Service...
         Starting Accounts Service...
[[0;32m  OK  [0m] Started D-Bus System Message Bus.
[[0;32m  OK  [0m] Reached target Login Prompts (Pre).
         Starting Dispatcher daemon for systemd-networkd...
         Starting System Logging Service...
         Starting LXD - container startup/shutdown...
         Starting Snap Daemon...
[[0;32m  OK  [0m] Started Regular background program processing daemon.
         Starting Permit User Sessions...
         Starting OpenBSD Secure Shell server...
[[0;32m  OK  [0m] Started FUSE filesystem for LXC.
         Starting LSB: automatic crash report generation...
         Starting LSB: Record successful boot for GRUB...
         Starting Virtualbox guest utils...
         Starting containerd container runtime...
[[0;32m  OK  [0m] Started Deferred execution scheduler.
[[0;32m  OK  [0m] Started irqbalance daemon.
[[0;32m  OK  [0m] Started System Logging Service.
[[0;32m  OK  [0m] Started Permit User Sessions.
[[0;32m  OK  [0m] Started Login Service.
[[0;32m  OK  [0m] Started Dispatcher daemon for systemd-networkd.
         Starting Authorization Manager...
[[0;32m  OK  [0m] Started Unattended Upgrades Shutdown.
         Starting Hold until boot process finishes up...
         Starting Terminate Plymouth Boot Screen...
[[0;32m  OK  [0m] Started Hold until boot process finishes up.
[[0;32m  OK  [0m] Started Terminate Plymouth Boot Screen.
[[0;32m  OK  [0m] Started Serial Getty on ttyS0.
         Starting Set console scheme...
[[0;32m  OK  [0m] Started LSB: automatic crash report generation.
[[0;32m  OK  [0m] Started Set console scheme.
[[0;32m  OK  [0m] Created slice system-getty.slice.
[[0;32m  OK  [0m] Started Getty on tty1.
[[0;32m  OK  [0m] Reached target Login Prompts.
[[0;32m  OK  [0m] Started LSB: Record successful boot for GRUB.
[[0;32m  OK  [0m] Started Authorization Manager.
[[0;32m  OK  [0m] Started Accounts Service.
[[0;32m  OK  [0m] Started Virtualbox guest utils.
[[0;32m  OK  [0m] Started OpenBSD Secure Shell server.
[[0;32m  OK  [0m] Started LXD - container startup/shutdown.
[[0;32m  OK  [0m] Created slice User Slice of vagrant.
         Starting User Manager for UID 1000...
[[0;32m  OK  [0m] Started Session 1 of user vagrant.
[[0;32m  OK  [0m] Started Snap Daemon.
         Starting Wait until snapd is fully seeded...
         Starting Time & Date Service...
[[0;32m  OK  [0m] Started Time & Date Service.
[[0;32m  OK  [0m] Started Wait until snapd is fully seeded.
         Starting Apply the settings specified in cloud-config...
[[0;32m  OK  [0m] Started User Manager for UID 1000.
[   29.554010] cloud-init[1315]: /usr/lib/python3/dist-packages/requests/__init__.py:80: RequestsDependencyWarning: urllib3 (1.26.18) or chardet (3.0.4) doesn't match a supported version!
[   29.582222] cloud-init[1315]:   RequestsDependencyWarning)
[[0;32m  OK  [0m] Started containerd container runtime.
         Starting Docker Application Container Engine...
[   30.370961] cloud-init[1315]: Cloud-init v. 23.1.2-0ubuntu0~18.04.1 running 'modules:config' at Thu, 09 Nov 2023 10:02:33 +0000. Up 29.41 seconds.
[[0;32m  OK  [0m] Started Apply the settings specified in cloud-config.

Ubuntu 18.04.6 LTS devbox ttyS0

devbox login: [   35.279818] cloud-init[1783]: /usr/lib/python3/dist-packages/requests/__init__.py:80: RequestsDependencyWarning: urllib3 (1.26.18) or chardet (3.0.4) doesn't match a supported version!
[   35.280040] cloud-init[1783]:   RequestsDependencyWarning)
[   35.462280] cloud-init[1783]: Cloud-init v. 23.1.2-0ubuntu0~18.04.1 running 'modules:final' at Thu, 09 Nov 2023 10:02:39 +0000. Up 35.19 seconds.
[   35.462445] cloud-init[1783]: Cloud-init v. 23.1.2-0ubuntu0~18.04.1 finished at Thu, 09 Nov 2023 10:02:39 +0000. Datasource DataSourceNoCloud [seed=/dev/sdb][dsmode=net].  Up 35.44 seconds
